<?xml version="1.0" encoding="UTF-8"?>
<!-- Generated by org.testng.reporters.JUnitReportReporter -->
<testsuite hostname="ansari" failures="0" tests="1" name="restAPITest.HeaderTest" time="8.705" errors="0" timestamp="2020-01-29T16:08:09 IST" skipped="0">
  <testcase classname="restAPITest.HeaderTest" name="GetWeatherDetails" time="8.705"/>
</testsuite> <!-- restAPITest.HeaderTest -->
