<?xml version="1.0" encoding="UTF-8"?>
<!-- Generated by org.testng.reporters.JUnitReportReporter -->
<testsuite hostname="ansari" failures="0" tests="1" name="restAPITest.QueryParametersTest" time="4.300" errors="0" timestamp="2020-01-29T18:48:08 IST" skipped="0">
  <testcase classname="restAPITest.QueryParametersTest" name="GetWeatherDetails" time="4.300"/>
</testsuite> <!-- restAPITest.QueryParametersTest -->
