<?xml version="1.0" encoding="UTF-8"?>
<!-- Generated by org.testng.reporters.JUnitReportReporter -->
<testsuite hostname="ansari" failures="0" tests="1" name="restAPITest.JSONPathTest" time="3.973" errors="0" timestamp="2020-01-29T17:02:58 IST" skipped="0">
  <testcase classname="restAPITest.JSONPathTest" name="GetWeatherDetails" time="3.973"/>
</testsuite> <!-- restAPITest.JSONPathTest -->
