<?xml version="1.0" encoding="UTF-8"?>
<!-- Generated by org.testng.reporters.JUnitReportReporter -->
<testsuite hostname="ansari" failures="0" tests="1" name="restAPITest.SimpleGetTest" time="3.345" errors="0" timestamp="2020-01-29T13:13:47 IST" skipped="0">
  <testcase classname="restAPITest.SimpleGetTest" name="GetWeatherDetails" time="3.345"/>
</testsuite> <!-- restAPITest.SimpleGetTest -->
