<?xml version="1.0" encoding="UTF-8"?>
<!-- Generated by org.testng.reporters.JUnitReportReporter -->
<testsuite hostname="ansari" failures="0" tests="1" name="restAPITestPost.PostRestAssuredTest" time="2.411" errors="0" timestamp="2020-01-30T13:03:37 IST" skipped="0">
  <testcase classname="restAPITestPost.PostRestAssuredTest" name="PostJsonData" time="2.411"/>
</testsuite> <!-- restAPITestPost.PostRestAssuredTest -->
