<?xml version="1.0" encoding="UTF-8"?>
<!-- Generated by org.testng.reporters.JUnitReportReporter -->
<testsuite hostname="ansari" failures="0" tests="1" name="restAPITest.BodyRestAssuredTest" time="3.213" errors="0" timestamp="2020-01-29T16:41:06 IST" skipped="0">
  <testcase classname="restAPITest.BodyRestAssuredTest" name="GetWeatherDetails" time="3.213"/>
</testsuite> <!-- restAPITest.BodyRestAssuredTest -->
